[1/9] Performing build step for 'bootloader'
[1/1] C:\WINDOWS\system32\cmd.exe /C "cd /D C:\Espressif\PROJ\esp-rainmaker\examples\switch\build\bootloader\esp-idf\esptool_py && C:\Espressif\python_env\idf5.3_py3.11_env\Scripts\python.exe C:/Espressif/frameworks/esp-idf-v5.3.3/components/partition_table/check_sizes.py --offset 0xc000 bootloader 0x1000 C:/Espressif/PROJ/esp-rainmaker/examples/switch/build/bootloader/bootloader.bin"
Bootloader binary size 0x6920 bytes. 0x46e0 bytes (40%) free.
[2/9] No install step for 'bootloader'
[3/9] Completed 'bootloader'
[4/9] Building C object esp-idf/main/CMakeFiles/__idf_main.dir/app_main.c.obj
C:/Espressif/PROJ/esp-rainmaker/examples/switch/main/app_main.c: In function 'write_cb':
C:/Espressif/PROJ/esp-rainmaker/examples/switch/main/app_main.c:63:78: warning: passing argument 1 of 'esp_rmaker_param_get_val' discards 'const' qualifier from pointer target type [-Wdiscarded-qualifiers]
   63 |             const esp_rmaker_param_val_t *current = esp_rmaker_param_get_val(param);
      |                                                                              ^~~~~
In file included from C:/Espressif/PROJ/esp-rainmaker/examples/switch/main/app_main.c:18:
C:/Espressif/PROJ/esp-rainmaker/components/esp_rainmaker/include/esp_rmaker_core.h:955:70: note: expected 'esp_rmaker_param_t *' {aka 'unsigned int *'} but argument is of type 'const esp_rmaker_param_t *' {aka 'const unsigned int *'}
  955 | esp_rmaker_param_val_t *esp_rmaker_param_get_val(esp_rmaker_param_t *param);
      |                                                  ~~~~~~~~~~~~~~~~~~~~^~~~~
[5/9] Linking C static library esp-idf\main\libmain.a
[6/9] Generating ld/sections.ld
[7/9] Linking CXX executable switch.elf
FAILED: switch.elf 
C:\WINDOWS\system32\cmd.exe /C "cd . && C:\Espressif\tools\xtensa-esp-elf\esp-13.2.0_20240530\xtensa-esp-elf\bin\xtensa-esp32-elf-g++.exe -mlongcalls -Wno-frame-address  -fno-builtin-memcpy -fno-builtin-memset -fno-builtin-bzero -fno-builtin-stpcpy -fno-builtin-strncpy -Wl,--cref -Wl,--defsym=IDF_TARGET_ESP32=0 -Wl,--Map=C:/Espressif/PROJ/esp-rainmaker/examples/switch/build/switch.map -Wl,--no-warn-rwx-segments -fno-rtti -fno-lto -Wl,--gc-sections -Wl,--warn-common -T esp32.peripherals.ld -T esp32.rom.ld -T esp32.rom.api.ld -T esp32.rom.libgcc.ld -T esp32.rom.newlib-data.ld -T esp32.rom.syscalls.ld -T esp32.rom.newlib-funcs.ld -T memory.ld -T sections.ld @CMakeFiles\switch.elf.rsp -o switch.elf && cd ."
C:/Espressif/tools/xtensa-esp-elf/esp-13.2.0_20240530/xtensa-esp-elf/bin/../lib/gcc/xtensa-esp-elf/13.2.0/../../../../xtensa-esp-elf/bin/ld.exe: esp-idf/main/libmain.a(app_driver.c.obj): in function `battery_voltage_task':
C:/Espressif/PROJ/esp-rainmaker/examples/switch/main/app_driver.c:214: multiple definition of `battery_voltage_task'; esp-idf/main/libmain.a(app_main.c.obj):C:/Espressif/PROJ/esp-rainmaker/examples/switch/main/app_main.c:360: first defined here
collect2.exe: error: ld returned 1 exit status
ninja: build stopped: subcommand failed.
